<?xml version="1.0" encoding="UTF-8"?>
<!-- Generated by org.testng.reporters.JUnitReportReporter -->
<testsuite skipped="0" hostname="GUPTASU01" name="com.inetbanking.testCases.TC_LoginTest_001" tests="1" failures="0" timestamp="17 Dec 2019 17:17:49 GMT" time="3.233" errors="0">
  <testcase name="LoginTest" time="3.233" classname="com.inetbanking.testCases.TC_LoginTest_001"/>
</testsuite> <!-- com.inetbanking.testCases.TC_LoginTest_001 -->
